[debug] [2024-05-17T10:36:54.947Z] ----------------------------------------------------------------------
[debug] [2024-05-17T10:36:54.954Z] Command:       C:\Program Files\nodejs\node.exe C:\Users\noOne\AppData\Roaming\npm\node_modules\firebase-tools\lib\bin\firebase.js init
[debug] [2024-05-17T10:36:54.955Z] CLI Version:   13.9.0
[debug] [2024-05-17T10:36:54.956Z] Platform:      win32
[debug] [2024-05-17T10:36:54.957Z] Node Version:  v20.13.1
[debug] [2024-05-17T10:36:54.957Z] Time:          Fri May 17 2024 15:36:54 GMT+0500 (Pakistan Standard Time)
[debug] [2024-05-17T10:36:54.958Z] ----------------------------------------------------------------------
[debug] 
[debug] [2024-05-17T10:36:54.995Z] > command requires scopes: ["email","openid","https://www.googleapis.com/auth/cloudplatformprojects.readonly","https://www.googleapis.com/auth/firebase","https://www.googleapis.com/auth/cloud-platform"]
[debug] [2024-05-17T10:36:54.996Z] > authorizing via signed-in user (nabeelmustafaskp@gmail.com)
[info] 
     ######## #### ########  ######## ########     ###     ######  ########
     ##        ##  ##     ## ##       ##     ##  ##   ##  ##       ##
     ######    ##  ########  ######   ########  #########  ######  ######
     ##        ##  ##    ##  ##       ##     ## ##     ##       ## ##
     ##       #### ##     ## ######## ########  ##     ##  ######  ########

You're about to initialize a Firebase project in this directory:

  D:\Programmers Force\fitness-landing-page

[info] 
=== Project Setup
[info] 
[info] First, let's associate this project directory with a Firebase project.
[info] You can create multiple project aliases by running firebase use --add, 
[info] but for now we'll just set up a default project.
[info] 
[info] i  If you want to create a project in a Google Cloud organization or folder, please use "firebase projects:create" instead, and return to this command when you've created the project. 
[debug] [2024-05-17T10:37:40.178Z] >>> [apiv2][query] POST https://cloudresourcemanager.googleapis.com/v1/projects [none]
[debug] [2024-05-17T10:37:40.179Z] >>> [apiv2][body] POST https://cloudresourcemanager.googleapis.com/v1/projects {"projectId":"fitness-landing-page-task","name":"fitness-landing-page"}
[debug] [2024-05-17T10:37:42.049Z] <<< [apiv2][status] POST https://cloudresourcemanager.googleapis.com/v1/projects 409
[debug] [2024-05-17T10:37:42.049Z] <<< [apiv2][body] POST https://cloudresourcemanager.googleapis.com/v1/projects {"error":{"code":409,"message":"Requested entity already exists","status":"ALREADY_EXISTS"}}
[debug] [2024-05-17T10:37:42.054Z] FirebaseError: HTTP Error: 409, Requested entity already exists
    at responseToError (C:\Users\noOne\AppData\Roaming\npm\node_modules\firebase-tools\lib\responseToError.js:49:12)
    at RetryOperation._fn (C:\Users\noOne\AppData\Roaming\npm\node_modules\firebase-tools\lib\apiv2.js:305:77)
    at process.processTicksAndRejections (node:internal/process/task_queues:95:5)
[error] 
[error] Error: Failed to create project because there is already a project with ID fitness-landing-page-task. Please try again with a unique project ID.
[debug] [2024-05-17T10:38:02.846Z] ----------------------------------------------------------------------
[debug] [2024-05-17T10:38:02.853Z] Command:       C:\Program Files\nodejs\node.exe C:\Users\noOne\AppData\Roaming\npm\node_modules\firebase-tools\lib\bin\firebase.js init
[debug] [2024-05-17T10:38:02.854Z] CLI Version:   13.9.0
[debug] [2024-05-17T10:38:02.854Z] Platform:      win32
[debug] [2024-05-17T10:38:02.855Z] Node Version:  v20.13.1
[debug] [2024-05-17T10:38:02.855Z] Time:          Fri May 17 2024 15:38:02 GMT+0500 (Pakistan Standard Time)
[debug] [2024-05-17T10:38:02.856Z] ----------------------------------------------------------------------
[debug] 
[debug] [2024-05-17T10:38:02.909Z] > command requires scopes: ["email","openid","https://www.googleapis.com/auth/cloudplatformprojects.readonly","https://www.googleapis.com/auth/firebase","https://www.googleapis.com/auth/cloud-platform"]
[debug] [2024-05-17T10:38:02.910Z] > authorizing via signed-in user (nabeelmustafaskp@gmail.com)
[info] 
     ######## #### ########  ######## ########     ###     ######  ########
     ##        ##  ##     ## ##       ##     ##  ##   ##  ##       ##
     ######    ##  ########  ######   ########  #########  ######  ######
     ##        ##  ##    ##  ##       ##     ## ##     ##       ## ##
     ##       #### ##     ## ######## ########  ##     ##  ######  ########

You're about to initialize a Firebase project in this directory:

  D:\Programmers Force\fitness-landing-page

[info] 
=== Project Setup
[info] 
[info] First, let's associate this project directory with a Firebase project.
[info] You can create multiple project aliases by running firebase use --add, 
[info] but for now we'll just set up a default project.
[info] 
[info] i  If you want to create a project in a Google Cloud organization or folder, please use "firebase projects:create" instead, and return to this command when you've created the project. 
[debug] [2024-05-17T10:38:44.080Z] >>> [apiv2][query] POST https://cloudresourcemanager.googleapis.com/v1/projects [none]
[debug] [2024-05-17T10:38:44.081Z] >>> [apiv2][body] POST https://cloudresourcemanager.googleapis.com/v1/projects {"projectId":"fitness-landingpage-task","name":"fitness-landing-page"}
[debug] [2024-05-17T10:38:55.085Z] <<< [apiv2][status] POST https://cloudresourcemanager.googleapis.com/v1/projects 200
[debug] [2024-05-17T10:38:55.086Z] <<< [apiv2][body] POST https://cloudresourcemanager.googleapis.com/v1/projects {"name":"operations/cp.6779871547061826693"}
[debug] [2024-05-17T10:38:55.089Z] >>> [apiv2][query] GET https://cloudresourcemanager.googleapis.com/v1/operations/cp.6779871547061826693 [none]
[debug] [2024-05-17T10:38:56.672Z] <<< [apiv2][status] GET https://cloudresourcemanager.googleapis.com/v1/operations/cp.6779871547061826693 200
[debug] [2024-05-17T10:38:56.672Z] <<< [apiv2][body] GET https://cloudresourcemanager.googleapis.com/v1/operations/cp.6779871547061826693 {"name":"operations/cp.6779871547061826693","metadata":{"@type":"type.googleapis.com/google.cloudresourcemanager.v1.ProjectCreationStatus","gettable":true,"ready":true},"done":true,"response":{"@type":"type.googleapis.com/google.cloudresourcemanager.v1.Project","projectNumber":"700543378963","projectId":"fitness-landingpage-task","lifecycleState":"ACTIVE","name":"fitness-landing-page","createTime":"2024-05-17T10:38:50.326185Z"}}
[debug] [2024-05-17T10:38:56.676Z] >>> [apiv2][query] POST https://firebase.googleapis.com/v1beta1/projects/fitness-landingpage-task:addFirebase [none]
[debug] [2024-05-17T10:39:00.339Z] <<< [apiv2][status] POST https://firebase.googleapis.com/v1beta1/projects/fitness-landingpage-task:addFirebase 200
[debug] [2024-05-17T10:39:00.340Z] <<< [apiv2][body] POST https://firebase.googleapis.com/v1beta1/projects/fitness-landingpage-task:addFirebase {"name":"operations/workflows/Y2RhZTI0ZmMtZTEyMi00YTI3LWFjNDctZGZjODg1NmZlYmNi"}
[debug] [2024-05-17T10:39:00.340Z] >>> [apiv2][query] GET https://firebase.googleapis.com/v1beta1/operations/workflows/Y2RhZTI0ZmMtZTEyMi00YTI3LWFjNDctZGZjODg1NmZlYmNi [none]
[debug] [2024-05-17T10:39:04.062Z] <<< [apiv2][status] GET https://firebase.googleapis.com/v1beta1/operations/workflows/Y2RhZTI0ZmMtZTEyMi00YTI3LWFjNDctZGZjODg1NmZlYmNi 200
[debug] [2024-05-17T10:39:04.062Z] <<< [apiv2][body] GET https://firebase.googleapis.com/v1beta1/operations/workflows/Y2RhZTI0ZmMtZTEyMi00YTI3LWFjNDctZGZjODg1NmZlYmNi {"name":"operations/workflows/Y2RhZTI0ZmMtZTEyMi00YTI3LWFjNDctZGZjODg1NmZlYmNi"}
[debug] [2024-05-17T10:39:04.574Z] [Add Firebase Poller] Retrying task index 0
[debug] [2024-05-17T10:39:04.576Z] >>> [apiv2][query] GET https://firebase.googleapis.com/v1beta1/operations/workflows/Y2RhZTI0ZmMtZTEyMi00YTI3LWFjNDctZGZjODg1NmZlYmNi [none]
[debug] [2024-05-17T10:39:05.453Z] <<< [apiv2][status] GET https://firebase.googleapis.com/v1beta1/operations/workflows/Y2RhZTI0ZmMtZTEyMi00YTI3LWFjNDctZGZjODg1NmZlYmNi 200
[debug] [2024-05-17T10:39:05.453Z] <<< [apiv2][body] GET https://firebase.googleapis.com/v1beta1/operations/workflows/Y2RhZTI0ZmMtZTEyMi00YTI3LWFjNDctZGZjODg1NmZlYmNi {"name":"operations/workflows/Y2RhZTI0ZmMtZTEyMi00YTI3LWFjNDctZGZjODg1NmZlYmNi"}
[debug] [2024-05-17T10:39:06.464Z] [Add Firebase Poller] Retrying task index 0
[debug] [2024-05-17T10:39:06.466Z] >>> [apiv2][query] GET https://firebase.googleapis.com/v1beta1/operations/workflows/Y2RhZTI0ZmMtZTEyMi00YTI3LWFjNDctZGZjODg1NmZlYmNi [none]
[debug] [2024-05-17T10:39:07.350Z] <<< [apiv2][status] GET https://firebase.googleapis.com/v1beta1/operations/workflows/Y2RhZTI0ZmMtZTEyMi00YTI3LWFjNDctZGZjODg1NmZlYmNi 200
[debug] [2024-05-17T10:39:07.351Z] <<< [apiv2][body] GET https://firebase.googleapis.com/v1beta1/operations/workflows/Y2RhZTI0ZmMtZTEyMi00YTI3LWFjNDctZGZjODg1NmZlYmNi {"name":"operations/workflows/Y2RhZTI0ZmMtZTEyMi00YTI3LWFjNDctZGZjODg1NmZlYmNi"}
[debug] [2024-05-17T10:39:09.360Z] [Add Firebase Poller] Retrying task index 0
[debug] [2024-05-17T10:39:09.361Z] >>> [apiv2][query] GET https://firebase.googleapis.com/v1beta1/operations/workflows/Y2RhZTI0ZmMtZTEyMi00YTI3LWFjNDctZGZjODg1NmZlYmNi [none]
[debug] [2024-05-17T10:39:10.194Z] <<< [apiv2][status] GET https://firebase.googleapis.com/v1beta1/operations/workflows/Y2RhZTI0ZmMtZTEyMi00YTI3LWFjNDctZGZjODg1NmZlYmNi 200
[debug] [2024-05-17T10:39:10.195Z] <<< [apiv2][body] GET https://firebase.googleapis.com/v1beta1/operations/workflows/Y2RhZTI0ZmMtZTEyMi00YTI3LWFjNDctZGZjODg1NmZlYmNi {"name":"operations/workflows/Y2RhZTI0ZmMtZTEyMi00YTI3LWFjNDctZGZjODg1NmZlYmNi","done":true,"response":{"@type":"type.googleapis.com/google.firebase.service.v1beta1.FirebaseProject","projectId":"fitness-landingpage-task","projectNumber":"700543378963","displayName":"fitness-landing-page","name":"projects/fitness-landingpage-task","resources":{"hostingSite":"fitness-landingpage-task"}}}
[info] 
[info] === Your Firebase project is ready! ===
[info] 
[info] Project information:
[info]    - Project ID: fitness-landingpage-task
[info]    - Project Name: fitness-landing-page
[info] 
[info] Firebase console is available at
[info] https://console.firebase.google.com/project/fitness-landingpage-task/overview
[info] i  Using project fitness-landingpage-task (fitness-landing-page) 
[info] 
=== Hosting Setup
[debug] [2024-05-17T10:39:10.217Z] >>> [apiv2][query] GET https://firebase.googleapis.com/v1beta1/projects/fitness-landingpage-task [none]
[debug] [2024-05-17T10:39:11.123Z] <<< [apiv2][status] GET https://firebase.googleapis.com/v1beta1/projects/fitness-landingpage-task 200
[debug] [2024-05-17T10:39:11.123Z] <<< [apiv2][body] GET https://firebase.googleapis.com/v1beta1/projects/fitness-landingpage-task {"projectId":"fitness-landingpage-task","projectNumber":"700543378963","displayName":"fitness-landing-page","name":"projects/fitness-landingpage-task","resources":{"hostingSite":"fitness-landingpage-task"},"state":"ACTIVE","etag":"1_30de4f37-ff3b-47f1-86d9-e6b3c6a08e9f"}
[info] 
[info] Your public directory is the folder (relative to your project directory) that
[info] will contain Hosting assets to be uploaded with firebase deploy. If you
[info] have a build process for your assets, use your build's output directory.
[info] 
[debug] [2024-05-17T10:39:46.860Z] >>> [apiv2][query] GET https://www.gstatic.com/firebasejs/releases.json [none]
[debug] [2024-05-17T10:39:47.278Z] <<< [apiv2][status] GET https://www.gstatic.com/firebasejs/releases.json 200
[debug] [2024-05-17T10:39:47.279Z] <<< [apiv2][body] GET https://www.gstatic.com/firebasejs/releases.json {"current":{"version":"10.12.0","browserURL":"https://www.gstatic.com/firebasejs/10.12.0/firebase.js","packageURL":"https://www.gstatic.com/firebasejs/10.12.0/firebase.tgz"},"live":{"version":"10.12","browserURL":"https://www.gstatic.com/firebasejs/live/10.12/firebase.js","packageURL":"https://www.gstatic.com/firebasejs/live/10.12/firebase.tgz"},"components":{"analytics":"https://www.gstatic.com/firebasejs/10.12.0/firebase-analytics.js","app":"https://www.gstatic.com/firebasejs/10.12.0/firebase-app.js","app-check":"https://www.gstatic.com/firebasejs/10.12.0/firebase-app-check.js","auth":"https://www.gstatic.com/firebasejs/10.12.0/firebase-auth.js","auth/cordova":"https://www.gstatic.com/firebasejs/10.12.0/firebase-auth/cordova.js","auth/web-extension":"https://www.gstatic.com/firebasejs/10.12.0/firebase-auth/web-extension.js","functions":"https://www.gstatic.com/firebasejs/10.12.0/firebase-functions.js","firestore":"https://www.gstatic.com/firebasejs/10.12.0/firebase-firestore.js","firestore/lite":"https://www.gstatic.com/firebasejs/10.12.0/firebase-firestore/lite.js","installations":"https://www.gstatic.com/firebasejs/10.12.0/firebase-installations.js","storage":"https://www.gstatic.com/firebasejs/10.12.0/firebase-storage.js","performance":"https://www.gstatic.com/firebasejs/10.12.0/firebase-performance.js","remote-config":"https://www.gstatic.com/firebasejs/10.12.0/firebase-remote-config.js","messaging":"https://www.gstatic.com/firebasejs/10.12.0/firebase-messaging.js","messaging/sw":"https://www.gstatic.com/firebasejs/10.12.0/firebase-messaging/sw.js","database":"https://www.gstatic.com/firebasejs/10.12.0/firebase-database.js","vertexai-preview":"https://www.gstatic.com/firebasejs/10.12.0/firebase-vertexai-preview.js","firestore.memory":"https://www.gstatic.com/firebasejs/10.12.0/firebase-firestore.memory.js"}}
[debug] [2024-05-17T10:39:47.284Z] Error: ENOTDIR: not a directory, scandir 'D:\Programmers Force\fitness-landing-page\index.html'
    at Object.readdirSync (node:fs:1507:26)
    at Object.createFileSync (C:\Users\noOne\AppData\Roaming\npm\node_modules\firebase-tools\node_modules\fs-extra\lib\ensure\file.js:55:10)
    at Config.writeProjectFile (C:\Users\noOne\AppData\Roaming\npm\node_modules\firebase-tools\lib\config.js:154:12)
    at C:\Users\noOne\AppData\Roaming\npm\node_modules\firebase-tools\lib\config.js:178:22
    at process.processTicksAndRejections (node:internal/process/task_queues:95:5)
    at async doSetup (C:\Users\noOne\AppData\Roaming\npm\node_modules\firebase-tools\lib\init\features\hosting\index.js:177:9)
    at async init (C:\Users\noOne\AppData\Roaming\npm\node_modules\firebase-tools\lib\init\index.js:39:9)
[error] 
[error] Error: An unexpected error has occurred.
